                                                    MLE Parametric Linkage Data                 10:29 Tuesday, February 14, 2017   1
                   theta=0.1 mudaa=-0.6 mudab=0.0 mudbb=0.8 dq=0.4 de=0.1 lalleles=6 nfams=100 mkids=0 seed=12345
                                                              Families

                                                                                                        b     p
                                                                                                        l     i
                                                                                                        u     n
                                                                   b b b b p p p p b b b b p p p p      e     k
                                                                   l l l l i i i i l l l l i i i i      _     _
                                                                   u u u u n n n n u u u u n n n n      r     r
                                                                   e e e e k k k k e e e e k k k k  p   e     e
                   s                                               _ _ _ _ _ _ _ _ _ _ _ _ _ _ _ _  e   c     c
           O       e                 d d d d                       d d d d d d d d l l l l l l l l  d x o   x o
           b       e      d   d   d  g g g g     p        p    p p a a a a a a a a a a a a a a a a  i r m x r m x
           s       d      q   p   e  f m 1 0     f        m    1 0 f m 1 0 f m 1 0 f m 1 0 f m 1 0  d 1 b 1 2 b 2     x

            1  389956261 0.4 0.6 0.1 2 2 . . -0.02435  0.04994 . . 1 1 . . 2 2 . . 5 5 . . 2 5 . .  1 . . . . . .  0.49937
            2 1718339575 0.4 0.6 0.1 1 1 . . -0.54278 -0.55511 . . 1 1 . . 1 1 . . 3 2 . . 6 4 . .  2 . . . . . .  0.44887
            3  463937847 0.4 0.6 0.1 2 2 . .  0.00314  0.03040 . . 2 2 . . 1 1 . . 2 5 . . 1 6 . .  3 . . . . . .  0.30401
            4 1797629599 0.4 0.6 0.1 1 1 . . -0.58186 -0.55094 . . 1 1 . . 1 1 . . 5 2 . . 1 4 . .  4 . . . . . .  0.49056
            5  936745137 0.4 0.6 0.1 2 1 . . -0.11308 -0.71129 . . 1 1 . . 2 1 . . 1 3 . . 6 3 . .  5 . . . . . . -1.11293
            6  866987325 0.4 0.6 0.1 3 3 . .  0.85060  0.72268 . . 2 2 . . 2 2 . . 3 6 . . 4 3 . .  6 . . . . . . -0.77319
            7  117568856 0.4 0.6 0.1 2 2 . . -0.05224  0.05777 . . 2 2 . . 1 1 . . 4 4 . . 4 4 . .  7 . . . . . .  0.57771
            8 1935380089 0.4 0.6 0.1 2 1 . .  0.04022 -0.39548 . . 2 1 . . 1 1 . . 2 5 . . 6 2 . .  8 . . . . . .  2.04519
            9  998823970 0.4 0.6 0.1 3 2 . .  0.63103 -0.24317 . . 2 1 . . 2 2 . . 1 6 . . 3 4 . .  9 . . . . . . -2.43170
           10   42129862 0.4 0.6 0.1 1 1 . . -0.70313 -0.45806 . . 1 1 . . 1 1 . . 5 6 . . 5 3 . . 10 . . . . . .  1.41937
                                                    MLE Parametric Linkage Data                 10:29 Tuesday, February 14, 2017   2
                   theta=0.1 mudaa=-0.6 mudab=0.0 mudbb=0.8 dq=0.4 de=0.1 lalleles=6 nfams=100 mkids=0 seed=12345
                                                              individs

 
Obs     seed      dq   dp   de  dgf  dgm  dg1  dg0     pf        pm     p1  p0  blue_daf  blue_dam  blue_da1  blue_da0  pink_daf

  1   389956261  0.4  0.6  0.1   2    2    .    .   -0.02435   0.04994   .   .      1         1         .         .         2   
  2   389956261  0.4  0.6  0.1   2    2    .    .   -0.02435   0.04994   .   .      1         1         .         .         2   
  3  1718339575  0.4  0.6  0.1   1    1    .    .   -0.54278  -0.55511   .   .      1         1         .         .         1   
  4  1718339575  0.4  0.6  0.1   1    1    .    .   -0.54278  -0.55511   .   .      1         1         .         .         1   
  5   463937847  0.4  0.6  0.1   2    2    .    .    0.00314   0.03040   .   .      2         2         .         .         1   
  6   463937847  0.4  0.6  0.1   2    2    .    .    0.00314   0.03040   .   .      2         2         .         .         1   
  7  1797629599  0.4  0.6  0.1   1    1    .    .   -0.58186  -0.55094   .   .      1         1         .         .         1   
  8  1797629599  0.4  0.6  0.1   1    1    .    .   -0.58186  -0.55094   .   .      1         1         .         .         1   
  9   936745137  0.4  0.6  0.1   2    1    .    .   -0.11308  -0.71129   .   .      1         1         .         .         2   
 10   936745137  0.4  0.6  0.1   2    1    .    .   -0.11308  -0.71129   .   .      1         1         .         .         2   
 11   866987325  0.4  0.6  0.1   3    3    .    .    0.85060   0.72268   .   .      2         2         .         .         2   
 12   866987325  0.4  0.6  0.1   3    3    .    .    0.85060   0.72268   .   .      2         2         .         .         2   
 13   117568856  0.4  0.6  0.1   2    2    .    .   -0.05224   0.05777   .   .      2         2         .         .         1   
 14   117568856  0.4  0.6  0.1   2    2    .    .   -0.05224   0.05777   .   .      2         2         .         .         1   
 15  1935380089  0.4  0.6  0.1   2    1    .    .    0.04022  -0.39548   .   .      2         1         .         .         1   

 
Obs  pink_dam   pink_da1   pink_da0   blue_laf   blue_lam   blue_la1   blue_la0   pink_laf   pink_lam   pink_la1   pink_la0   pedid

  1      2          .          .          5          5          .          .          2          5          .          .         1 
  2      2          .          .          5          5          .          .          2          5          .          .         1 
  3      1          .          .          3          2          .          .          6          4          .          .         2 
  4      1          .          .          3          2          .          .          6          4          .          .         2 
  5      1          .          .          2          5          .          .          1          6          .          .         3 
  6      1          .          .          2          5          .          .          1          6          .          .         3 
  7      1          .          .          5          2          .          .          1          4          .          .         4 
  8      1          .          .          5          2          .          .          1          4          .          .         4 
  9      1          .          .          1          3          .          .          6          3          .          .         5 
 10      1          .          .          1          3          .          .          6          3          .          .         5 
 11      2          .          .          3          6          .          .          4          3          .          .         6 
 12      2          .          .          3          6          .          .          4          3          .          .         6 
 13      1          .          .          4          4          .          .          4          4          .          .         7 
 14      1          .          .          4          4          .          .          4          4          .          .         7 
 15      1          .          .          2          5          .          .          6          2          .          .         8 

           blue_            pink_
Obs  xr1  recomb  x1  xr2  recomb  x2      x     cdgf  cdgm  cdg1  cdg0  clgf  clgm  clg1  clg0  i  dgeno  lgeno     QTp    QLp

  1   .      .     .   .      .     .   0.49937  1/2                     2/5                     1   1/2    2/5   -0.02435   0 
  2   .      .     .   .      .     .   0.49937  1/2   1/2               2/5   5/5               2   1/2    5/5    0.04994   0 
  3   .      .     .   .      .     .   0.44887  1/1                     3/6                     1   1/1    3/6   -0.54278   0 
  4   .      .     .   .      .     .   0.44887  1/1   1/1               3/6   2/4               2   1/1    2/4   -0.55511   0 
  5   .      .     .   .      .     .   0.30401  1/2                     1/2                     1   1/2    1/2    0.00314   0 
  6   .      .     .   .      .     .   0.30401  1/2   1/2               1/2   5/6               2   1/2    5/6    0.03040   0 
  7   .      .     .   .      .     .   0.49056  1/1                     1/5                     1   1/1    1/5   -0.58186   0 
  8   .      .     .   .      .     .   0.49056  1/1   1/1               1/5   2/4               2   1/1    2/4   -0.55094   0 
  9   .      .     .   .      .     .  -1.11293  1/2                     1/6                     1   1/2    1/6   -0.11308   0 
 10   .      .     .   .      .     .  -1.11293  1/2   1/1               1/6   3/3               2   1/1    3/3   -0.71129   0 
 11   .      .     .   .      .     .  -0.77319  2/2                     3/4                     1   2/2    3/4    0.85060   1 
 12   .      .     .   .      .     .  -0.77319  2/2   2/2               3/4   3/6               2   2/2    3/6    0.72268   1 
 13   .      .     .   .      .     .   0.57771  1/2                     4/4                     1   1/2    4/4   -0.05224   0 
 14   .      .     .   .      .     .   0.57771  1/2   1/2               4/4   4/4               2   1/2    4/4    0.05777   0 
 15   .      .     .   .      .     .   2.04519  1/2                     2/6                     1   1/2    2/6    0.04022   0 
                                                    MLE Parametric Linkage Data                 10:29 Tuesday, February 14, 2017   3
                   theta=0.1 mudaa=-0.6 mudab=0.0 mudbb=0.8 dq=0.4 de=0.1 lalleles=6 nfams=100 mkids=0 seed=12345
                                                              individs

 
Obs     seed      dq   dp   de  dgf  dgm  dg1  dg0     pf        pm     p1  p0  blue_daf  blue_dam  blue_da1  blue_da0  pink_daf

 16  1935380089  0.4  0.6  0.1   2    1    .    .    0.04022  -0.39548   .   .      2         1         .         .         1   
 17   998823970  0.4  0.6  0.1   3    2    .    .    0.63103  -0.24317   .   .      2         1         .         .         2   
 18   998823970  0.4  0.6  0.1   3    2    .    .    0.63103  -0.24317   .   .      2         1         .         .         2   
 19    42129862  0.4  0.6  0.1   1    1    .    .   -0.70313  -0.45806   .   .      1         1         .         .         1   
 20    42129862  0.4  0.6  0.1   1    1    .    .   -0.70313  -0.45806   .   .      1         1         .         .         1   
 21  1665064812  0.4  0.6  0.1   2    3    .    .    0.13034   0.82420   .   .      1         2         .         .         2   
 22  1665064812  0.4  0.6  0.1   2    3    .    .    0.13034   0.82420   .   .      1         2         .         .         2   
 23   734635899  0.4  0.6  0.1   2    2    .    .    0.15366  -0.04731   .   .      1         2         .         .         2   
 24   734635899  0.4  0.6  0.1   2    2    .    .    0.15366  -0.04731   .   .      1         2         .         .         2   
 25  1071516945  0.4  0.6  0.1   3    2    .    .    0.83293  -0.09048   .   .      2         1         .         .         2   
 26  1071516945  0.4  0.6  0.1   3    2    .    .    0.83293  -0.09048   .   .      2         1         .         .         2   
 27  1589137630  0.4  0.6  0.1   3    2    .    .    0.75999  -0.00501   .   .      2         2         .         .         2   
 28  1589137630  0.4  0.6  0.1   3    2    .    .    0.75999  -0.00501   .   .      2         2         .         .         2   
 29  1962974514  0.4  0.6  0.1   2    1    .    .   -0.10956  -0.49363   .   .      2         1         .         .         1   
 30  1962974514  0.4  0.6  0.1   2    1    .    .   -0.10956  -0.49363   .   .      2         1         .         .         1   

 
Obs  pink_dam   pink_da1   pink_da0   blue_laf   blue_lam   blue_la1   blue_la0   pink_laf   pink_lam   pink_la1   pink_la0   pedid

 16      1          .          .          2          5          .          .          6          2          .          .         8 
 17      2          .          .          1          6          .          .          3          4          .          .         9 
 18      2          .          .          1          6          .          .          3          4          .          .         9 
 19      1          .          .          5          6          .          .          5          3          .          .        10 
 20      1          .          .          5          6          .          .          5          3          .          .        10 
 21      2          .          .          6          3          .          .          1          4          .          .        11 
 22      2          .          .          6          3          .          .          1          4          .          .        11 
 23      1          .          .          1          6          .          .          5          5          .          .        12 
 24      1          .          .          1          6          .          .          5          5          .          .        12 
 25      2          .          .          4          2          .          .          1          3          .          .        13 
 26      2          .          .          4          2          .          .          1          3          .          .        13 
 27      1          .          .          6          6          .          .          1          1          .          .        14 
 28      1          .          .          6          6          .          .          1          1          .          .        14 
 29      1          .          .          2          5          .          .          4          1          .          .        15 
 30      1          .          .          2          5          .          .          4          1          .          .        15 

           blue_            pink_
Obs  xr1  recomb  x1  xr2  recomb  x2      x     cdgf  cdgm  cdg1  cdg0  clgf  clgm  clg1  clg0  i  dgeno  lgeno     QTp    QLp

 16   .      .     .   .      .     .   2.04519  1/2   1/1               2/6   2/5               2   1/1    2/5   -0.39548   0 
 17   .      .     .   .      .     .  -2.43170  2/2                     1/3                     1   2/2    1/3    0.63103   1 
 18   .      .     .   .      .     .  -2.43170  2/2   1/2               1/3   4/6               2   1/2    4/6   -0.24317   0 
 19   .      .     .   .      .     .   1.41937  1/1                     5/5                     1   1/1    5/5   -0.70313   0 
 20   .      .     .   .      .     .   1.41937  1/1   1/1               5/5   3/6               2   1/1    3/6   -0.45806   0 
 21   .      .     .   .      .     .   0.24197  1/2                     1/6                     1   1/2    1/6    0.13034   0 
 22   .      .     .   .      .     .   0.24197  1/2   2/2               1/6   3/4               2   2/2    3/4    0.82420   1 
 23   .      .     .   .      .     .  -0.47312  1/2                     1/5                     1   1/2    1/5    0.15366   0 
 24   .      .     .   .      .     .  -0.47312  1/2   1/2               1/5   5/6               2   1/2    5/6   -0.04731   0 
 25   .      .     .   .      .     .  -0.90481  2/2                     1/4                     1   2/2    1/4    0.83293   1 
 26   .      .     .   .      .     .  -0.90481  2/2   1/2               1/4   2/3               2   1/2    2/3   -0.09048   0 
 27   .      .     .   .      .     .  -0.05007  2/2                     1/6                     1   2/2    1/6    0.75999   1 
 28   .      .     .   .      .     .  -0.05007  2/2   1/2               1/6   1/6               2   1/2    1/6   -0.00501   0 
 29   .      .     .   .      .     .   1.06368  1/2                     2/4                     1   1/2    2/4   -0.10956   0 
 30   .      .     .   .      .     .   1.06368  1/2   1/1               2/4   1/5               2   1/1    1/5   -0.49363   0 
                                                    MLE Parametric Linkage Data                 10:29 Tuesday, February 14, 2017   4
                   theta=0.1 mudaa=-0.6 mudab=0.0 mudbb=0.8 dq=0.4 de=0.1 lalleles=6 nfams=100 mkids=0 seed=12345
                                                              individs

 
Obs     seed      dq   dp   de  dgf  dgm  dg1  dg0     pf        pm     p1  p0  blue_daf  blue_dam  blue_da1  blue_da0  pink_daf

 31   600222438  0.4  0.6  0.1   2    1    .    .   -0.12782  -0.60882   .   .      2         1         .         .         1   
 32   600222438  0.4  0.6  0.1   2    1    .    .   -0.12782  -0.60882   .   .      2         1         .         .         1   
 33  1272262437  0.4  0.6  0.1   2    1    .    .    0.18921  -0.63159   .   .      1         1         .         .         2   
 34  1272262437  0.4  0.6  0.1   2    1    .    .    0.18921  -0.63159   .   .      1         1         .         .         2   
 35   679865644  0.4  0.6  0.1   2    1    .    .    0.06456  -0.66454   .   .      2         1         .         .         1   
 36   679865644  0.4  0.6  0.1   2    1    .    .    0.06456  -0.66454   .   .      2         1         .         .         1   
 37   968783289  0.4  0.6  0.1   2    1    .    .   -0.16603  -0.69206   .   .      2         1         .         .         1   
 38   968783289  0.4  0.6  0.1   2    1    .    .   -0.16603  -0.69206   .   .      2         1         .         .         1   
 39  1715549360  0.4  0.6  0.1   2    2    .    .    0.06336   0.03338   .   .      2         1         .         .         1   
 40  1715549360  0.4  0.6  0.1   2    2    .    .    0.06336   0.03338   .   .      2         1         .         .         1   
 41  1780215241  0.4  0.6  0.1   1    3    .    .   -0.50588   0.86521   .   .      1         2         .         .         1   
 42  1780215241  0.4  0.6  0.1   1    3    .    .   -0.50588   0.86521   .   .      1         2         .         .         1   
 43  1352267056  0.4  0.6  0.1   3    1    .    .    0.83538  -0.67187   .   .      2         1         .         .         2   
 44  1352267056  0.4  0.6  0.1   3    1    .    .    0.83538  -0.67187   .   .      2         1         .         .         2   
 45  1700902159  0.4  0.6  0.1   2    3    .    .    0.02362   0.83723   .   .      2         2         .         .         1   

 
Obs  pink_dam   pink_da1   pink_da0   blue_laf   blue_lam   blue_la1   blue_la0   pink_laf   pink_lam   pink_la1   pink_la0   pedid

 31      1          .          .          6          3          .          .          6          2          .          .        16 
 32      1          .          .          6          3          .          .          6          2          .          .        16 
 33      1          .          .          5          5          .          .          3          6          .          .        17 
 34      1          .          .          5          5          .          .          3          6          .          .        17 
 35      1          .          .          1          1          .          .          5          1          .          .        18 
 36      1          .          .          1          1          .          .          5          1          .          .        18 
 37      1          .          .          3          5          .          .          1          3          .          .        19 
 38      1          .          .          3          5          .          .          1          3          .          .        19 
 39      2          .          .          2          3          .          .          5          5          .          .        20 
 40      2          .          .          2          3          .          .          5          5          .          .        20 
 41      2          .          .          3          5          .          .          1          6          .          .        21 
 42      2          .          .          3          5          .          .          1          6          .          .        21 
 43      1          .          .          3          3          .          .          6          5          .          .        22 
 44      1          .          .          3          3          .          .          6          5          .          .        22 
 45      2          .          .          2          2          .          .          4          5          .          .        23 

           blue_            pink_
Obs  xr1  recomb  x1  xr2  recomb  x2      x     cdgf  cdgm  cdg1  cdg0  clgf  clgm  clg1  clg0  i  dgeno  lgeno     QTp    QLp

 31   .      .     .   .      .     .  -0.08819  1/2                     6/6                     1   1/2    6/6   -0.12782   0 
 32   .      .     .   .      .     .  -0.08819  1/2   1/1               6/6   2/3               2   1/1    2/3   -0.60882   0 
 33   .      .     .   .      .     .  -0.31590  1/2                     3/5                     1   1/2    3/5    0.18921   0 
 34   .      .     .   .      .     .  -0.31590  1/2   1/1               3/5   5/6               2   1/1    5/6   -0.63159   0 
 35   .      .     .   .      .     .  -0.64543  1/2                     1/5                     1   1/2    1/5    0.06456   0 
 36   .      .     .   .      .     .  -0.64543  1/2   1/1               1/5   1/1               2   1/1    1/1   -0.66454   0 
 37   .      .     .   .      .     .  -0.92060  1/2                     1/3                     1   1/2    1/3   -0.16603   0 
 38   .      .     .   .      .     .  -0.92060  1/2   1/1               1/3   3/5               2   1/1    3/5   -0.69206   0 
 39   .      .     .   .      .     .   0.33375  1/2                     2/5                     1   1/2    2/5    0.06336   0 
 40   .      .     .   .      .     .   0.33375  1/2   1/2               2/5   3/5               2   1/2    3/5    0.03338   0 
 41   .      .     .   .      .     .   0.65207  1/1                     1/3                     1   1/1    1/3   -0.50588   0 
 42   .      .     .   .      .     .   0.65207  1/1   2/2               1/3   5/6               2   2/2    5/6    0.86521   1 
 43   .      .     .   .      .     .  -0.71871  2/2                     3/6                     1   2/2    3/6    0.83538   1 
 44   .      .     .   .      .     .  -0.71871  2/2   1/1               3/6   3/5               2   1/1    3/5   -0.67187   0 
 45   .      .     .   .      .     .   0.37231  1/2                     2/4                     1   1/2    2/4    0.02362   0 
                                                    MLE Parametric Linkage Data                 10:29 Tuesday, February 14, 2017   5
                   theta=0.1 mudaa=-0.6 mudab=0.0 mudbb=0.8 dq=0.4 de=0.1 lalleles=6 nfams=100 mkids=0 seed=12345
                                                              individs

 
Obs     seed      dq   dp   de  dgf  dgm  dg1  dg0     pf        pm     p1  p0  blue_daf  blue_dam  blue_da1  blue_da0  pink_daf

 46  1700902159  0.4  0.6  0.1   2    3    .    .    0.02362   0.83723   .   .      2         2         .         .         1   
 47     6541955  0.4  0.6  0.1   2    2    .    .    0.08447   0.10021   .   .      1         2         .         .         2   
 48     6541955  0.4  0.6  0.1   2    2    .    .    0.08447   0.10021   .   .      1         2         .         .         2   
 49   810195351  0.4  0.6  0.1   3    1    .    .    0.83443  -0.72491   .   .      2         1         .         .         2   
 50   810195351  0.4  0.6  0.1   3    1    .    .    0.83443  -0.72491   .   .      2         1         .         .         2   
 51    43195411  0.4  0.6  0.1   1    3    .    .   -0.79506   0.85227   .   .      1         2         .         .         1   
 52    43195411  0.4  0.6  0.1   1    3    .    .   -0.79506   0.85227   .   .      1         2         .         .         1   
 53  1042897464  0.4  0.6  0.1   2    1    .    .   -0.20208  -0.73555   .   .      1         1         .         .         2   
 54  1042897464  0.4  0.6  0.1   2    1    .    .   -0.20208  -0.73555   .   .      1         1         .         .         2   
 55   653604406  0.4  0.6  0.1   1    2    .    .   -0.44172  -0.04150   .   .      1         2         .         .         1   
 56   653604406  0.4  0.6  0.1   1    2    .    .   -0.44172  -0.04150   .   .      1         2         .         .         1   
 57    12120061  0.4  0.6  0.1   2    3    .    .   -0.11180   0.89318   .   .      1         2         .         .         2   
 58    12120061  0.4  0.6  0.1   2    3    .    .   -0.11180   0.89318   .   .      1         2         .         .         2   
 59  1452355784  0.4  0.6  0.1   2    2    .    .   -0.09831  -0.10797   .   .      2         2         .         .         1   
 60  1452355784  0.4  0.6  0.1   2    2    .    .   -0.09831  -0.10797   .   .      2         2         .         .         1   

 
Obs  pink_dam   pink_da1   pink_da0   blue_laf   blue_lam   blue_la1   blue_la0   pink_laf   pink_lam   pink_la1   pink_la0   pedid

 46      2          .          .          2          2          .          .          4          5          .          .        23 
 47      1          .          .          3          5          .          .          6          3          .          .        24 
 48      1          .          .          3          5          .          .          6          3          .          .        24 
 49      1          .          .          4          2          .          .          2          3          .          .        25 
 50      1          .          .          4          2          .          .          2          3          .          .        25 
 51      2          .          .          1          4          .          .          4          4          .          .        26 
 52      2          .          .          1          4          .          .          4          4          .          .        26 
 53      1          .          .          2          3          .          .          1          4          .          .        27 
 54      1          .          .          2          3          .          .          1          4          .          .        27 
 55      1          .          .          6          4          .          .          3          6          .          .        28 
 56      1          .          .          6          4          .          .          3          6          .          .        28 
 57      2          .          .          1          6          .          .          4          3          .          .        29 
 58      2          .          .          1          6          .          .          4          3          .          .        29 
 59      1          .          .          6          4          .          .          3          4          .          .        30 
 60      1          .          .          6          4          .          .          3          4          .          .        30 

           blue_            pink_
Obs  xr1  recomb  x1  xr2  recomb  x2      x     cdgf  cdgm  cdg1  cdg0  clgf  clgm  clg1  clg0  i  dgeno  lgeno     QTp    QLp

 46   .      .     .   .      .     .   0.37231  1/2   2/2               2/4   2/5               2   2/2    2/5    0.83723   1 
 47   .      .     .   .      .     .   1.00205  1/2                     3/6                     1   1/2    3/6    0.08447   0 
 48   .      .     .   .      .     .   1.00205  1/2   1/2               3/6   3/5               2   1/2    3/5    0.10021   0 
 49   .      .     .   .      .     .  -1.24912  2/2                     2/4                     1   2/2    2/4    0.83443   1 
 50   .      .     .   .      .     .  -1.24912  2/2   1/1               2/4   2/3               2   1/1    2/3   -0.72491   0 
 51   .      .     .   .      .     .   0.52271  1/1                     1/4                     1   1/1    1/4   -0.79506   0 
 52   .      .     .   .      .     .   0.52271  1/1   2/2               1/4   4/4               2   2/2    4/4    0.85227   1 
 53   .      .     .   .      .     .  -1.35549  1/2                     1/2                     1   1/2    1/2   -0.20208   0 
 54   .      .     .   .      .     .  -1.35549  1/2   1/1               1/2   3/4               2   1/1    3/4   -0.73555   0 
 55   .      .     .   .      .     .  -0.41504  1/1                     3/6                     1   1/1    3/6   -0.44172   0 
 56   .      .     .   .      .     .  -0.41504  1/1   1/2               3/6   4/6               2   1/2    4/6   -0.04150   0 
 57   .      .     .   .      .     .   0.93176  1/2                     1/4                     1   1/2    1/4   -0.11180   0 
 58   .      .     .   .      .     .   0.93176  1/2   2/2               1/4   3/6               2   2/2    3/6    0.89318   1 
 59   .      .     .   .      .     .  -1.07973  1/2                     3/6                     1   1/2    3/6   -0.09831   0 
 60   .      .     .   .      .     .  -1.07973  1/2   1/2               3/6   4/4               2   1/2    4/4   -0.10797   0 
                                                    MLE Parametric Linkage Data                 10:29 Tuesday, February 14, 2017   6
                   theta=0.1 mudaa=-0.6 mudab=0.0 mudbb=0.8 dq=0.4 de=0.1 lalleles=6 nfams=100 mkids=0 seed=12345
                                                              individs

 
Obs     seed      dq   dp   de  dgf  dgm  dg1  dg0     pf        pm     p1  p0  blue_daf  blue_dam  blue_da1  blue_da0  pink_daf

 61  1981206845  0.4  0.6  0.1   1    3    .    .   -0.57306   0.83661   .   .      1         2         .         .         1   
 62  1981206845  0.4  0.6  0.1   1    3    .    .   -0.57306   0.83661   .   .      1         2         .         .         1   
 63    60270049  0.4  0.6  0.1   2    2    .    .    0.09295   0.16043   .   .      1         1         .         .         2   
 64    60270049  0.4  0.6  0.1   2    2    .    .    0.09295   0.16043   .   .      1         1         .         .         2   
 65  2144457975  0.4  0.6  0.1   1    1    .    .   -0.67445  -0.46377   .   .      1         1         .         .         1   
 66  2144457975  0.4  0.6  0.1   1    1    .    .   -0.67445  -0.46377   .   .      1         1         .         .         1   
 67  1356277451  0.4  0.6  0.1   3    1    .    .    0.77421  -0.65234   .   .      2         1         .         .         2   
 68  1356277451  0.4  0.6  0.1   3    1    .    .    0.77421  -0.65234   .   .      2         1         .         .         2   
 69  1099492053  0.4  0.6  0.1   2    2    .    .    0.02013  -0.12415   .   .      2         2         .         .         1   
 70  1099492053  0.4  0.6  0.1   2    2    .    .    0.02013  -0.12415   .   .      2         2         .         .         1   
 71   335245709  0.4  0.6  0.1   2    3    .    .    0.03818   0.89594   .   .      2         2         .         .         1   
 72   335245709  0.4  0.6  0.1   2    3    .    .    0.03818   0.89594   .   .      2         2         .         .         1   
 73   846255434  0.4  0.6  0.1   2    2    .    .   -0.04883  -0.17248   .   .      2         2         .         .         1   
 74   846255434  0.4  0.6  0.1   2    2    .    .   -0.04883  -0.17248   .   .      2         2         .         .         1   
 75  1085637127  0.4  0.6  0.1   2    3    .    .   -0.02239   0.68720   .   .      2         2         .         .         1   

 
Obs  pink_dam   pink_da1   pink_da0   blue_laf   blue_lam   blue_la1   blue_la0   pink_laf   pink_lam   pink_la1   pink_la0   pedid

 61      2          .          .          4          6          .          .          6          2          .          .        31 
 62      2          .          .          4          6          .          .          6          2          .          .        31 
 63      2          .          .          1          4          .          .          5          5          .          .        32 
 64      2          .          .          1          4          .          .          5          5          .          .        32 
 65      1          .          .          4          3          .          .          1          2          .          .        33 
 66      1          .          .          4          3          .          .          1          2          .          .        33 
 67      1          .          .          5          4          .          .          5          3          .          .        34 
 68      1          .          .          5          4          .          .          5          3          .          .        34 
 69      1          .          .          5          6          .          .          4          6          .          .        35 
 70      1          .          .          5          6          .          .          4          6          .          .        35 
 71      2          .          .          1          1          .          .          1          3          .          .        36 
 72      2          .          .          1          1          .          .          1          3          .          .        36 
 73      1          .          .          6          4          .          .          5          5          .          .        37 
 74      1          .          .          6          4          .          .          5          5          .          .        37 
 75      2          .          .          5          2          .          .          2          1          .          .        38 

           blue_            pink_
Obs  xr1  recomb  x1  xr2  recomb  x2      x     cdgf  cdgm  cdg1  cdg0  clgf  clgm  clg1  clg0  i  dgeno  lgeno     QTp    QLp

 61   .      .     .   .      .     .   0.36615  1/1                     4/6                     1   1/1    4/6   -0.57306   0 
 62   .      .     .   .      .     .   0.36615  1/1   2/2               4/6   2/6               2   2/2    2/6    0.83661   1 
 63   .      .     .   .      .     .   1.60434  1/2                     1/5                     1   1/2    1/5    0.09295   0 
 64   .      .     .   .      .     .   1.60434  1/2   1/2               1/5   4/5               2   1/2    4/5    0.16043   0 
 65   .      .     .   .      .     .   1.36228  1/1                     1/4                     1   1/1    1/4   -0.67445   0 
 66   .      .     .   .      .     .   1.36228  1/1   1/1               1/4   2/3               2   1/1    2/3   -0.46377   0 
 67   .      .     .   .      .     .  -0.52336  2/2                     5/5                     1   2/2    5/5    0.77421   1 
 68   .      .     .   .      .     .  -0.52336  2/2   1/1               5/5   3/4               2   1/1    3/4   -0.65234   0 
 69   .      .     .   .      .     .  -1.24146  1/2                     4/5                     1   1/2    4/5    0.02013   0 
 70   .      .     .   .      .     .  -1.24146  1/2   1/2               4/5   6/6               2   1/2    6/6   -0.12415   0 
 71   .      .     .   .      .     .   0.95942  1/2                     1/1                     1   1/2    1/1    0.03818   0 
 72   .      .     .   .      .     .   0.95942  1/2   2/2               1/1   1/3               2   2/2    1/3    0.89594   1 
 73   .      .     .   .      .     .  -1.72475  1/2                     5/6                     1   1/2    5/6   -0.04883   0 
 74   .      .     .   .      .     .  -1.72475  1/2   1/2               5/6   4/5               2   1/2    4/5   -0.17248   0 
 75   .      .     .   .      .     .  -1.12804  1/2                     2/5                     1   1/2    2/5   -0.02239   0 
                                                    MLE Parametric Linkage Data                 10:29 Tuesday, February 14, 2017   7
                   theta=0.1 mudaa=-0.6 mudab=0.0 mudbb=0.8 dq=0.4 de=0.1 lalleles=6 nfams=100 mkids=0 seed=12345
                                                              individs

 
Obs     seed      dq   dp   de  dgf  dgm  dg1  dg0     pf        pm     p1  p0  blue_daf  blue_dam  blue_da1  blue_da0  pink_daf

 76  1085637127  0.4  0.6  0.1   2    3    .    .   -0.02239   0.68720   .   .      2         2         .         .         1   
 77  1820157317  0.4  0.6  0.1   2    1    .    .   -0.00032  -0.46360   .   .      2         1         .         .         1   
 78  1820157317  0.4  0.6  0.1   2    1    .    .   -0.00032  -0.46360   .   .      2         1         .         .         1   
 79  1744555812  0.4  0.6  0.1   3    3    .    .    0.72543   0.86941   .   .      2         2         .         .         2   
 80  1744555812  0.4  0.6  0.1   3    3    .    .    0.72543   0.86941   .   .      2         2         .         .         2   
 81  2070565722  0.4  0.6  0.1   1    1    .    .   -0.49920  -0.41996   .   .      1         1         .         .         1   
 82  2070565722  0.4  0.6  0.1   1    1    .    .   -0.49920  -0.41996   .   .      1         1         .         .         1   
 83  1116558348  0.4  0.6  0.1   3    3    .    .    0.54234   0.70580   .   .      2         2         .         .         2   
 84  1116558348  0.4  0.6  0.1   3    3    .    .    0.54234   0.70580   .   .      2         2         .         .         2   
 85    37160956  0.4  0.6  0.1   2    2    .    .   -0.04387   0.09220   .   .      1         1         .         .         2   
 86    37160956  0.4  0.6  0.1   2    2    .    .   -0.04387   0.09220   .   .      1         1         .         .         2   
 87   854711105  0.4  0.6  0.1   2    2    .    .    0.05461  -0.11596   .   .      2         1         .         .         1   
 88   854711105  0.4  0.6  0.1   2    2    .    .    0.05461  -0.11596   .   .      2         1         .         .         1   
 89   604901746  0.4  0.6  0.1   1    2    .    .   -0.64626  -0.01299   .   .      1         1         .         .         1   
 90   604901746  0.4  0.6  0.1   1    2    .    .   -0.64626  -0.01299   .   .      1         1         .         .         1   

 
Obs  pink_dam   pink_da1   pink_da0   blue_laf   blue_lam   blue_la1   blue_la0   pink_laf   pink_lam   pink_la1   pink_la0   pedid

 76      2          .          .          5          2          .          .          2          1          .          .        38 
 77      1          .          .          6          4          .          .          1          6          .          .        39 
 78      1          .          .          6          4          .          .          1          6          .          .        39 
 79      2          .          .          2          1          .          .          3          6          .          .        40 
 80      2          .          .          2          1          .          .          3          6          .          .        40 
 81      1          .          .          6          5          .          .          3          3          .          .        41 
 82      1          .          .          6          5          .          .          3          3          .          .        41 
 83      2          .          .          1          5          .          .          3          6          .          .        42 
 84      2          .          .          1          5          .          .          3          6          .          .        42 
 85      2          .          .          5          4          .          .          6          6          .          .        43 
 86      2          .          .          5          4          .          .          6          6          .          .        43 
 87      2          .          .          3          4          .          .          4          5          .          .        44 
 88      2          .          .          3          4          .          .          4          5          .          .        44 
 89      2          .          .          3          1          .          .          5          6          .          .        45 
 90      2          .          .          3          1          .          .          5          6          .          .        45 

           blue_            pink_
Obs  xr1  recomb  x1  xr2  recomb  x2      x     cdgf  cdgm  cdg1  cdg0  clgf  clgm  clg1  clg0  i  dgeno  lgeno     QTp    QLp

 76   .      .     .   .      .     .  -1.12804  1/2   2/2               2/5   1/2               2   2/2    1/2    0.68720   1 
 77   .      .     .   .      .     .   1.36404  1/2                     1/6                     1   1/2    1/6   -0.00032   0 
 78   .      .     .   .      .     .   1.36404  1/2   1/1               1/6   4/6               2   1/1    4/6   -0.46360   0 
 79   .      .     .   .      .     .   0.69410  2/2                     2/3                     1   2/2    2/3    0.72543   1 
 80   .      .     .   .      .     .   0.69410  2/2   2/2               2/3   1/6               2   2/2    1/6    0.86941   1 
 81   .      .     .   .      .     .   1.80041  1/1                     3/6                     1   1/1    3/6   -0.49920   0 
 82   .      .     .   .      .     .   1.80041  1/1   1/1               3/6   3/5               2   1/1    3/5   -0.41996   0 
 83   .      .     .   .      .     .  -0.94201  2/2                     1/3                     1   2/2    1/3    0.54234   1 
 84   .      .     .   .      .     .  -0.94201  2/2   2/2               1/3   5/6               2   2/2    5/6    0.70580   1 
 85   .      .     .   .      .     .   0.92196  1/2                     5/6                     1   1/2    5/6   -0.04387   0 
 86   .      .     .   .      .     .   0.92196  1/2   1/2               5/6   4/6               2   1/2    4/6    0.09220   0 
 87   .      .     .   .      .     .  -1.15956  1/2                     3/4                     1   1/2    3/4    0.05461   0 
 88   .      .     .   .      .     .  -1.15956  1/2   1/2               3/4   4/5               2   1/2    4/5   -0.11596   0 
 89   .      .     .   .      .     .  -0.12991  1/1                     3/5                     1   1/1    3/5   -0.64626   0 
 90   .      .     .   .      .     .  -0.12991  1/1   1/2               3/5   1/6               2   1/2    1/6   -0.01299   0 
                                                    MLE Parametric Linkage Data                 10:29 Tuesday, February 14, 2017   8
                   theta=0.1 mudaa=-0.6 mudab=0.0 mudbb=0.8 dq=0.4 de=0.1 lalleles=6 nfams=100 mkids=0 seed=12345
                                                              individs

 
Obs     seed      dq   dp   de  dgf  dgm  dg1  dg0     pf        pm     p1  p0  blue_daf  blue_dam  blue_da1  blue_da0  pink_daf

 91   245924117  0.4  0.6  0.1   2    2    .    .    0.02057   0.03921   .   .      1         2         .         .         2   
 92   245924117  0.4  0.6  0.1   2    2    .    .    0.02057   0.03921   .   .      1         2         .         .         2   
 93   890322661  0.4  0.6  0.1   3    2    .    .    0.67807  -0.25776   .   .      2         2         .         .         2   
 94   890322661  0.4  0.6  0.1   3    2    .    .    0.67807  -0.25776   .   .      2         2         .         .         2   
 95  1489754846  0.4  0.6  0.1   2    1    .    .   -0.02050  -0.60940   .   .      1         1         .         .         2   
 96  1489754846  0.4  0.6  0.1   2    1    .    .   -0.02050  -0.60940   .   .      1         1         .         .         2   
 97    75080532  0.4  0.6  0.1   2    2    .    .    0.10543   0.03532   .   .      2         1         .         .         1   
 98    75080532  0.4  0.6  0.1   2    2    .    .    0.10543   0.03532   .   .      2         1         .         .         1   
 99   968533477  0.4  0.6  0.1   2    1    .    .    0.05285  -0.78355   .   .      1         1         .         .         2   
100   968533477  0.4  0.6  0.1   2    1    .    .    0.05285  -0.78355   .   .      1         1         .         .         2   
101  1409083667  0.4  0.6  0.1   3    2    .    .    0.77895  -0.02075   .   .      2         1         .         .         2   
102  1409083667  0.4  0.6  0.1   3    2    .    .    0.77895  -0.02075   .   .      2         1         .         .         2   
103   912067561  0.4  0.6  0.1   2    1    .    .   -0.01726  -0.64670   .   .      1         1         .         .         2   
104   912067561  0.4  0.6  0.1   2    1    .    .   -0.01726  -0.64670   .   .      1         1         .         .         2   
105  1709422782  0.4  0.6  0.1   3    2    .    .    0.74211   0.04135   .   .      2         1         .         .         2   

 
Obs  pink_dam   pink_da1   pink_da0   blue_laf   blue_lam   blue_la1   blue_la0   pink_laf   pink_lam   pink_la1   pink_la0   pedid

 91      1          .          .          6          3          .          .          3          2          .          .        46 
 92      1          .          .          6          3          .          .          3          2          .          .        46 
 93      1          .          .          3          6          .          .          5          3          .          .        47 
 94      1          .          .          3          6          .          .          5          3          .          .        47 
 95      1          .          .          1          6          .          .          2          3          .          .        48 
 96      1          .          .          1          6          .          .          2          3          .          .        48 
 97      2          .          .          4          6          .          .          6          5          .          .        49 
 98      2          .          .          4          6          .          .          6          5          .          .        49 
 99      1          .          .          4          6          .          .          2          1          .          .        50 
100      1          .          .          4          6          .          .          2          1          .          .        50 
101      2          .          .          3          3          .          .          6          5          .          .        51 
102      2          .          .          3          3          .          .          6          5          .          .        51 
103      1          .          .          3          1          .          .          3          4          .          .        52 
104      1          .          .          3          1          .          .          3          4          .          .        52 
105      2          .          .          5          1          .          .          5          3          .          .        53 

           blue_            pink_
Obs  xr1  recomb  x1  xr2  recomb  x2      x     cdgf  cdgm  cdg1  cdg0  clgf  clgm  clg1  clg0  i  dgeno  lgeno     QTp    QLp

 91   .      .     .   .      .     .   0.39208  1/2                     3/6                     1   1/2    3/6    0.02057   0 
 92   .      .     .   .      .     .   0.39208  1/2   1/2               3/6   2/3               2   1/2    2/3    0.03921   0 
 93   .      .     .   .      .     .  -2.57761  2/2                     3/5                     1   2/2    3/5    0.67807   1 
 94   .      .     .   .      .     .  -2.57761  2/2   1/2               3/5   3/6               2   1/2    3/6   -0.25776   0 
 95   .      .     .   .      .     .  -0.09396  1/2                     1/2                     1   1/2    1/2   -0.02050   0 
 96   .      .     .   .      .     .  -0.09396  1/2   1/1               1/2   3/6               2   1/1    3/6   -0.60940   0 
 97   .      .     .   .      .     .   0.35325  1/2                     4/6                     1   1/2    4/6    0.10543   0 
 98   .      .     .   .      .     .   0.35325  1/2   1/2               4/6   5/6               2   1/2    5/6    0.03532   0 
 99   .      .     .   .      .     .  -1.83549  1/2                     2/4                     1   1/2    2/4    0.05285   0 
100   .      .     .   .      .     .  -1.83549  1/2   1/1               2/4   1/6               2   1/1    1/6   -0.78355   0 
101   .      .     .   .      .     .  -0.20752  2/2                     3/6                     1   2/2    3/6    0.77895   1 
102   .      .     .   .      .     .  -0.20752  2/2   1/2               3/6   3/5               2   1/2    3/5   -0.02075   0 
103   .      .     .   .      .     .  -0.46696  1/2                     3/3                     1   1/2    3/3   -0.01726   0 
104   .      .     .   .      .     .  -0.46696  1/2   1/1               3/3   1/4               2   1/1    1/4   -0.64670   0 
105   .      .     .   .      .     .   0.41354  2/2                     5/5                     1   2/2    5/5    0.74211   1 
                                                    MLE Parametric Linkage Data                 10:29 Tuesday, February 14, 2017   9
                   theta=0.1 mudaa=-0.6 mudab=0.0 mudbb=0.8 dq=0.4 de=0.1 lalleles=6 nfams=100 mkids=0 seed=12345
                                                              individs

 
Obs     seed      dq   dp   de  dgf  dgm  dg1  dg0     pf        pm     p1  p0  blue_daf  blue_dam  blue_da1  blue_da0  pink_daf

106  1709422782  0.4  0.6  0.1   3    2    .    .    0.74211   0.04135   .   .      2         1         .         .         2   
107   466641608  0.4  0.6  0.1   2    3    .    .   -0.00497   0.83340   .   .      2         2         .         .         1   
108   466641608  0.4  0.6  0.1   2    3    .    .   -0.00497   0.83340   .   .      2         2         .         .         1   
109  1121166870  0.4  0.6  0.1   1    1    .    .   -0.55522  -0.76760   .   .      1         1         .         .         1   
110  1121166870  0.4  0.6  0.1   1    1    .    .   -0.55522  -0.76760   .   .      1         1         .         .         1   
111  1805272876  0.4  0.6  0.1   2    2    .    .   -0.07394   0.08276   .   .      1         1         .         .         2   
112  1805272876  0.4  0.6  0.1   2    2    .    .   -0.07394   0.08276   .   .      1         1         .         .         2   
113  2027069554  0.4  0.6  0.1   2    1    .    .    0.07632  -0.44765   .   .      1         1         .         .         2   
114  2027069554  0.4  0.6  0.1   2    1    .    .    0.07632  -0.44765   .   .      1         1         .         .         2   
115   661157764  0.4  0.6  0.1   2    1    .    .    0.11147  -0.64521   .   .      2         1         .         .         1   
116   661157764  0.4  0.6  0.1   2    1    .    .    0.11147  -0.64521   .   .      2         1         .         .         1   
117  1288373678  0.4  0.6  0.1   1    1    .    .   -0.60437  -0.76436   .   .      1         1         .         .         1   
118  1288373678  0.4  0.6  0.1   1    1    .    .   -0.60437  -0.76436   .   .      1         1         .         .         1   
119  1161293754  0.4  0.6  0.1   1    1    .    .   -0.56310  -0.76598   .   .      1         1         .         .         1   
120  1161293754  0.4  0.6  0.1   1    1    .    .   -0.56310  -0.76598   .   .      1         1         .         .         1   

 
Obs  pink_dam   pink_da1   pink_da0   blue_laf   blue_lam   blue_la1   blue_la0   pink_laf   pink_lam   pink_la1   pink_la0   pedid

106      2          .          .          5          1          .          .          5          3          .          .        53 
107      2          .          .          4          5          .          .          1          5          .          .        54 
108      2          .          .          4          5          .          .          1          5          .          .        54 
109      1          .          .          1          3          .          .          6          5          .          .        55 
110      1          .          .          1          3          .          .          6          5          .          .        55 
111      2          .          .          5          4          .          .          2          2          .          .        56 
112      2          .          .          5          4          .          .          2          2          .          .        56 
113      1          .          .          6          6          .          .          4          1          .          .        57 
114      1          .          .          6          6          .          .          4          1          .          .        57 
115      1          .          .          5          3          .          .          3          1          .          .        58 
116      1          .          .          5          3          .          .          3          1          .          .        58 
117      1          .          .          2          1          .          .          3          3          .          .        59 
118      1          .          .          2          1          .          .          3          3          .          .        59 
119      1          .          .          5          5          .          .          5          6          .          .        60 
120      1          .          .          5          5          .          .          5          6          .          .        60 

           blue_            pink_
Obs  xr1  recomb  x1  xr2  recomb  x2      x     cdgf  cdgm  cdg1  cdg0  clgf  clgm  clg1  clg0  i  dgeno  lgeno     QTp    QLp

106   .      .     .   .      .     .   0.41354  2/2   1/2               5/5   1/3               2   1/2    1/3    0.04135   0 
107   .      .     .   .      .     .   0.33396  1/2                     1/4                     1   1/2    1/4   -0.00497   0 
108   .      .     .   .      .     .   0.33396  1/2   2/2               1/4   5/5               2   2/2    5/5    0.83340   1 
109   .      .     .   .      .     .  -1.67602  1/1                     1/6                     1   1/1    1/6   -0.55522   0 
110   .      .     .   .      .     .  -1.67602  1/1   1/1               1/6   3/5               2   1/1    3/5   -0.76760   0 
111   .      .     .   .      .     .   0.82760  1/2                     2/5                     1   1/2    2/5   -0.07394   0 
112   .      .     .   .      .     .   0.82760  1/2   1/2               2/5   2/4               2   1/2    2/4    0.08276   0 
113   .      .     .   .      .     .   1.52350  1/2                     4/6                     1   1/2    4/6    0.07632   0 
114   .      .     .   .      .     .   1.52350  1/2   1/1               4/6   1/6               2   1/1    1/6   -0.44765   0 
115   .      .     .   .      .     .  -0.45213  1/2                     3/5                     1   1/2    3/5    0.11147   0 
116   .      .     .   .      .     .  -0.45213  1/2   1/1               3/5   1/3               2   1/1    1/3   -0.64521   0 
117   .      .     .   .      .     .  -1.64355  1/1                     2/3                     1   1/1    2/3   -0.60437   0 
118   .      .     .   .      .     .  -1.64355  1/1   1/1               2/3   1/3               2   1/1    1/3   -0.76436   0 
119   .      .     .   .      .     .  -1.65979  1/1                     5/5                     1   1/1    5/5   -0.56310   0 
120   .      .     .   .      .     .  -1.65979  1/1   1/1               5/5   5/6               2   1/1    5/6   -0.76598   0 
                                                    MLE Parametric Linkage Data                 10:29 Tuesday, February 14, 2017  10
                   theta=0.1 mudaa=-0.6 mudab=0.0 mudbb=0.8 dq=0.4 de=0.1 lalleles=6 nfams=100 mkids=0 seed=12345
                                                              individs

 
Obs     seed      dq   dp   de  dgf  dgm  dg1  dg0     pf        pm     p1  p0  blue_daf  blue_dam  blue_da1  blue_da0  pink_daf

121  1045075104  0.4  0.6  0.1   1    2    .    .   -0.52248  -0.10919   .   .      1         1         .         .         1   
122  1045075104  0.4  0.6  0.1   1    2    .    .   -0.52248  -0.10919   .   .      1         1         .         .         1   
123  1517691079  0.4  0.6  0.1   2    2    .    .    0.03565  -0.03859   .   .      2         2         .         .         1   
124  1517691079  0.4  0.6  0.1   2    2    .    .    0.03565  -0.03859   .   .      2         2         .         .         1   
125  2114307310  0.4  0.6  0.1   1    1    .    .   -0.58174  -0.46989   .   .      1         1         .         .         1   
126  2114307310  0.4  0.6  0.1   1    1    .    .   -0.58174  -0.46989   .   .      1         1         .         .         1   
127    75976549  0.4  0.6  0.1   2    2    .    .    0.15589   0.01225   .   .      1         2         .         .         2   
128    75976549  0.4  0.6  0.1   2    2    .    .    0.15589   0.01225   .   .      1         2         .         .         2   
129   738828044  0.4  0.6  0.1   3    2    .    .    0.92378  -0.06332   .   .      2         2         .         .         2   
130   738828044  0.4  0.6  0.1   3    2    .    .    0.92378  -0.06332   .   .      2         2         .         .         2   
131  1473576528  0.4  0.6  0.1   2    1    .    .   -0.02713  -0.61664   .   .      2         1         .         .         1   
132  1473576528  0.4  0.6  0.1   2    1    .    .   -0.02713  -0.61664   .   .      2         1         .         .         1   
133   317421896  0.4  0.6  0.1   1    3    .    .   -0.61017   0.86464   .   .      1         2         .         .         1   
134   317421896  0.4  0.6  0.1   1    3    .    .   -0.61017   0.86464   .   .      1         2         .         .         1   
135   393403510  0.4  0.6  0.1   2    3    .    .    0.07546   0.88728   .   .      2         2         .         .         1   

 
Obs  pink_dam   pink_da1   pink_da0   blue_laf   blue_lam   blue_la1   blue_la0   pink_laf   pink_lam   pink_la1   pink_la0   pedid

121      2          .          .          3          4          .          .          5          4          .          .        61 
122      2          .          .          3          4          .          .          5          4          .          .        61 
123      1          .          .          2          1          .          .          2          6          .          .        62 
124      1          .          .          2          1          .          .          2          6          .          .        62 
125      1          .          .          4          3          .          .          6          4          .          .        63 
126      1          .          .          4          3          .          .          6          4          .          .        63 
127      1          .          .          1          4          .          .          1          4          .          .        64 
128      1          .          .          1          4          .          .          1          4          .          .        64 
129      1          .          .          6          2          .          .          6          6          .          .        65 
130      1          .          .          6          2          .          .          6          6          .          .        65 
131      1          .          .          1          6          .          .          5          1          .          .        66 
132      1          .          .          1          6          .          .          5          1          .          .        66 
133      2          .          .          5          2          .          .          2          6          .          .        67 
134      2          .          .          5          2          .          .          2          6          .          .        67 
135      2          .          .          2          2          .          .          6          1          .          .        68 

           blue_            pink_
Obs  xr1  recomb  x1  xr2  recomb  x2      x     cdgf  cdgm  cdg1  cdg0  clgf  clgm  clg1  clg0  i  dgeno  lgeno     QTp    QLp

121   .      .     .   .      .     .  -1.09192  1/1                     3/5                     1   1/1    3/5   -0.52248   0 
122   .      .     .   .      .     .  -1.09192  1/1   1/2               3/5   4/4               2   1/2    4/4   -0.10919   0 
123   .      .     .   .      .     .  -0.38590  1/2                     2/2                     1   1/2    2/2    0.03565   0 
124   .      .     .   .      .     .  -0.38590  1/2   1/2               2/2   1/6               2   1/2    1/6   -0.03859   0 
125   .      .     .   .      .     .   1.30113  1/1                     4/6                     1   1/1    4/6   -0.58174   0 
126   .      .     .   .      .     .   1.30113  1/1   1/1               4/6   3/4               2   1/1    3/4   -0.46989   0 
127   .      .     .   .      .     .   0.12253  1/2                     1/1                     1   1/2    1/1    0.15589   0 
128   .      .     .   .      .     .   0.12253  1/2   1/2               1/1   4/4               2   1/2    4/4    0.01225   0 
129   .      .     .   .      .     .  -0.63324  2/2                     6/6                     1   2/2    6/6    0.92378   1 
130   .      .     .   .      .     .  -0.63324  2/2   1/2               6/6   2/6               2   1/2    2/6   -0.06332   0 
131   .      .     .   .      .     .  -0.16639  1/2                     1/5                     1   1/2    1/5   -0.02713   0 
132   .      .     .   .      .     .  -0.16639  1/2   1/1               1/5   1/6               2   1/1    1/6   -0.61664   0 
133   .      .     .   .      .     .   0.64640  1/1                     2/5                     1   1/1    2/5   -0.61017   0 
134   .      .     .   .      .     .   0.64640  1/1   2/2               2/5   2/6               2   2/2    2/6    0.86464   1 
135   .      .     .   .      .     .   0.87282  1/2                     2/6                     1   1/2    2/6    0.07546   0 
                                                    MLE Parametric Linkage Data                 10:29 Tuesday, February 14, 2017  11
                   theta=0.1 mudaa=-0.6 mudab=0.0 mudbb=0.8 dq=0.4 de=0.1 lalleles=6 nfams=100 mkids=0 seed=12345
                                                              individs

 
Obs     seed      dq   dp   de  dgf  dgm  dg1  dg0     pf        pm     p1  p0  blue_daf  blue_dam  blue_da1  blue_da0  pink_daf

136   393403510  0.4  0.6  0.1   2    3    .    .    0.07546   0.88728   .   .      2         2         .         .         1   
137  2000225633  0.4  0.6  0.1   2    2    .    .   -0.02768   0.11108   .   .      1         1         .         .         2   
138  2000225633  0.4  0.6  0.1   2    2    .    .   -0.02768   0.11108   .   .      1         1         .         .         2   
139   891921759  0.4  0.6  0.1   1    2    .    .   -0.68411  -0.10690   .   .      1         1         .         .         1   
140   891921759  0.4  0.6  0.1   1    2    .    .   -0.68411  -0.10690   .   .      1         1         .         .         1   
141  2140743050  0.4  0.6  0.1   3    2    .    .    0.79972   0.09257   .   .      2         1         .         .         2   
142  2140743050  0.4  0.6  0.1   3    2    .    .    0.79972   0.09257   .   .      2         1         .         .         2   
143  2007033381  0.4  0.6  0.1   3    1    .    .    0.93016  -0.52274   .   .      2         1         .         .         2   
144  2007033381  0.4  0.6  0.1   3    1    .    .    0.93016  -0.52274   .   .      2         1         .         .         2   
145  1954473937  0.4  0.6  0.1   3    2    .    .    0.74493   0.05263   .   .      2         2         .         .         2   
146  1954473937  0.4  0.6  0.1   3    2    .    .    0.74493   0.05263   .   .      2         2         .         .         2   
147  1232061026  0.4  0.6  0.1   1    2    .    .   -0.56729  -0.13977   .   .      1         1         .         .         1   
148  1232061026  0.4  0.6  0.1   1    2    .    .   -0.56729  -0.13977   .   .      1         1         .         .         1   
149   369857384  0.4  0.6  0.1   1    1    .    .   -0.50749  -0.55935   .   .      1         1         .         .         1   
150   369857384  0.4  0.6  0.1   1    1    .    .   -0.50749  -0.55935   .   .      1         1         .         .         1   

 
Obs  pink_dam   pink_da1   pink_da0   blue_laf   blue_lam   blue_la1   blue_la0   pink_laf   pink_lam   pink_la1   pink_la0   pedid

136      2          .          .          2          2          .          .          6          1          .          .        68 
137      2          .          .          3          5          .          .          4          1          .          .        69 
138      2          .          .          3          5          .          .          4          1          .          .        69 
139      2          .          .          5          4          .          .          4          5          .          .        70 
140      2          .          .          5          4          .          .          4          5          .          .        70 
141      2          .          .          3          3          .          .          1          5          .          .        71 
142      2          .          .          3          3          .          .          1          5          .          .        71 
143      1          .          .          3          4          .          .          2          5          .          .        72 
144      1          .          .          3          4          .          .          2          5          .          .        72 
145      1          .          .          6          5          .          .          2          1          .          .        73 
146      1          .          .          6          5          .          .          2          1          .          .        73 
147      2          .          .          4          3          .          .          5          2          .          .        74 
148      2          .          .          4          3          .          .          5          2          .          .        74 
149      1          .          .          5          1          .          .          1          6          .          .        75 
150      1          .          .          5          1          .          .          1          6          .          .        75 

           blue_            pink_
Obs  xr1  recomb  x1  xr2  recomb  x2      x     cdgf  cdgm  cdg1  cdg0  clgf  clgm  clg1  clg0  i  dgeno  lgeno     QTp    QLp

136   .      .     .   .      .     .   0.87282  1/2   2/2               2/6   1/2               2   2/2    1/2    0.88728   1 
137   .      .     .   .      .     .   1.11083  1/2                     3/4                     1   1/2    3/4   -0.02768   0 
138   .      .     .   .      .     .   1.11083  1/2   1/2               3/4   1/5               2   1/2    1/5    0.11108   0 
139   .      .     .   .      .     .  -1.06898  1/1                     4/5                     1   1/1    4/5   -0.68411   0 
140   .      .     .   .      .     .  -1.06898  1/1   1/2               4/5   4/5               2   1/2    4/5   -0.10690   0 
141   .      .     .   .      .     .   0.92565  2/2                     1/3                     1   2/2    1/3    0.79972   1 
142   .      .     .   .      .     .   0.92565  2/2   1/2               1/3   3/5               2   1/2    3/5    0.09257   0 
143   .      .     .   .      .     .   0.77255  2/2                     2/3                     1   2/2    2/3    0.93016   1 
144   .      .     .   .      .     .   0.77255  2/2   1/1               2/3   4/5               2   1/1    4/5   -0.52274   0 
145   .      .     .   .      .     .   0.52635  2/2                     2/6                     1   2/2    2/6    0.74493   1 
146   .      .     .   .      .     .   0.52635  2/2   1/2               2/6   1/5               2   1/2    1/5    0.05263   0 
147   .      .     .   .      .     .  -1.39770  1/1                     4/5                     1   1/1    4/5   -0.56729   0 
148   .      .     .   .      .     .  -1.39770  1/1   1/2               4/5   2/3               2   1/2    2/3   -0.13977   0 
149   .      .     .   .      .     .   0.40648  1/1                     1/5                     1   1/1    1/5   -0.50749   0 
150   .      .     .   .      .     .   0.40648  1/1   1/1               1/5   1/6               2   1/1    1/6   -0.55935   0 
                                                    MLE Parametric Linkage Data                 10:29 Tuesday, February 14, 2017  12
                   theta=0.1 mudaa=-0.6 mudab=0.0 mudbb=0.8 dq=0.4 de=0.1 lalleles=6 nfams=100 mkids=0 seed=12345
                                                              individs

 
Obs     seed      dq   dp   de  dgf  dgm  dg1  dg0     pf        pm     p1  p0  blue_daf  blue_dam  blue_da1  blue_da0  pink_daf

151  1342678292  0.4  0.6  0.1   2    2    .    .    0.10598  -0.13147   .   .      1         1         .         .         2   
152  1342678292  0.4  0.6  0.1   2    2    .    .    0.10598  -0.13147   .   .      1         1         .         .         2   
153  2137006704  0.4  0.6  0.1   2    2    .    .   -0.18026   0.03274   .   .      1         2         .         .         2   
154  2137006704  0.4  0.6  0.1   2    2    .    .   -0.18026   0.03274   .   .      1         2         .         .         2   
155   874432160  0.4  0.6  0.1   3    1    .    .    0.65552  -0.81416   .   .      2         1         .         .         2   
156   874432160  0.4  0.6  0.1   3    1    .    .    0.65552  -0.81416   .   .      2         1         .         .         2   
157  1392531023  0.4  0.6  0.1   1    2    .    .   -0.65386  -0.08077   .   .      1         1         .         .         1   
158  1392531023  0.4  0.6  0.1   1    2    .    .   -0.65386  -0.08077   .   .      1         1         .         .         1   
159   388145103  0.4  0.6  0.1   2    2    .    .   -0.09540   0.07018   .   .      1         1         .         .         2   
160   388145103  0.4  0.6  0.1   2    2    .    .   -0.09540   0.07018   .   .      1         1         .         .         2   
161  1104325215  0.4  0.6  0.1   2    1    .    .    0.00369  -0.62585   .   .      2         1         .         .         1   
162  1104325215  0.4  0.6  0.1   2    1    .    .    0.00369  -0.62585   .   .      2         1         .         .         1   
163   544161648  0.4  0.6  0.1   2    1    .    .   -0.01789  -0.60213   .   .      2         1         .         .         1   
164   544161648  0.4  0.6  0.1   2    1    .    .   -0.01789  -0.60213   .   .      2         1         .         .         1   
165   646779782  0.4  0.6  0.1   2    2    .    .    0.10540  -0.03180   .   .      2         2         .         .         1   

 
Obs  pink_dam   pink_da1   pink_da0   blue_laf   blue_lam   blue_la1   blue_la0   pink_laf   pink_lam   pink_la1   pink_la0   pedid

151      2          .          .          6          2          .          .          3          4          .          .        76 
152      2          .          .          6          2          .          .          3          4          .          .        76 
153      1          .          .          3          1          .          .          1          5          .          .        77 
154      1          .          .          3          1          .          .          1          5          .          .        77 
155      1          .          .          4          5          .          .          2          1          .          .        78 
156      1          .          .          4          5          .          .          2          1          .          .        78 
157      2          .          .          4          6          .          .          5          4          .          .        79 
158      2          .          .          4          6          .          .          5          4          .          .        79 
159      2          .          .          6          2          .          .          1          2          .          .        80 
160      2          .          .          6          2          .          .          1          2          .          .        80 
161      1          .          .          3          3          .          .          6          1          .          .        81 
162      1          .          .          3          3          .          .          6          1          .          .        81 
163      1          .          .          5          5          .          .          5          3          .          .        82 
164      1          .          .          5          5          .          .          5          3          .          .        82 
165      1          .          .          2          3          .          .          3          3          .          .        83 

           blue_            pink_
Obs  xr1  recomb  x1  xr2  recomb  x2      x     cdgf  cdgm  cdg1  cdg0  clgf  clgm  clg1  clg0  i  dgeno  lgeno     QTp    QLp

151   .      .     .   .      .     .  -1.31471  1/2                     3/6                     1   1/2    3/6    0.10598   0 
152   .      .     .   .      .     .  -1.31471  1/2   1/2               3/6   2/4               2   1/2    2/4   -0.13147   0 
153   .      .     .   .      .     .   0.32744  1/2                     1/3                     1   1/2    1/3   -0.18026   0 
154   .      .     .   .      .     .   0.32744  1/2   1/2               1/3   1/5               2   1/2    1/5    0.03274   0 
155   .      .     .   .      .     .  -2.14159  2/2                     2/4                     1   2/2    2/4    0.65552   1 
156   .      .     .   .      .     .  -2.14159  2/2   1/1               2/4   1/5               2   1/1    1/5   -0.81416   0 
157   .      .     .   .      .     .  -0.80770  1/1                     4/5                     1   1/1    4/5   -0.65386   0 
158   .      .     .   .      .     .  -0.80770  1/1   1/2               4/5   4/6               2   1/2    4/6   -0.08077   0 
159   .      .     .   .      .     .   0.70182  1/2                     1/6                     1   1/2    1/6   -0.09540   0 
160   .      .     .   .      .     .   0.70182  1/2   1/2               1/6   2/2               2   1/2    2/2    0.07018   0 
161   .      .     .   .      .     .  -0.25854  1/2                     3/6                     1   1/2    3/6    0.00369   0 
162   .      .     .   .      .     .  -0.25854  1/2   1/1               3/6   1/3               2   1/1    1/3   -0.62585   0 
163   .      .     .   .      .     .  -0.02131  1/2                     5/5                     1   1/2    5/5   -0.01789   0 
164   .      .     .   .      .     .  -0.02131  1/2   1/1               5/5   3/5               2   1/1    3/5   -0.60213   0 
165   .      .     .   .      .     .  -0.31800  1/2                     2/3                     1   1/2    2/3    0.10540   0 
                                                    MLE Parametric Linkage Data                 10:29 Tuesday, February 14, 2017  13
                   theta=0.1 mudaa=-0.6 mudab=0.0 mudbb=0.8 dq=0.4 de=0.1 lalleles=6 nfams=100 mkids=0 seed=12345
                                                              individs

 
Obs     seed      dq   dp   de  dgf  dgm  dg1  dg0     pf        pm     p1  p0  blue_daf  blue_dam  blue_da1  blue_da0  pink_daf

166   646779782  0.4  0.6  0.1   2    2    .    .    0.10540  -0.03180   .   .      2         2         .         .         1   
167  1442967529  0.4  0.6  0.1   1    1    .    .   -0.46749  -0.65812   .   .      1         1         .         .         1   
168  1442967529  0.4  0.6  0.1   1    1    .    .   -0.46749  -0.65812   .   .      1         1         .         .         1   
169  1889866265  0.4  0.6  0.1   2    2    .    .   -0.02727   0.12124   .   .      1         2         .         .         2   
170  1889866265  0.4  0.6  0.1   2    2    .    .   -0.02727   0.12124   .   .      1         2         .         .         2   
171  1615307595  0.4  0.6  0.1   3    2    .    .    0.78536   0.00086   .   .      2         2         .         .         2   
172  1615307595  0.4  0.6  0.1   3    2    .    .    0.78536   0.00086   .   .      2         2         .         .         2   
173   269415206  0.4  0.6  0.1   2    1    .    .   -0.02153  -0.55022   .   .      2         1         .         .         1   
174   269415206  0.4  0.6  0.1   2    1    .    .   -0.02153  -0.55022   .   .      2         1         .         .         1   
175   985465320  0.4  0.6  0.1   2    2    .    .    0.08662  -0.11848   .   .      2         2         .         .         1   
176   985465320  0.4  0.6  0.1   2    2    .    .    0.08662  -0.11848   .   .      2         2         .         .         1   
177   167496503  0.4  0.6  0.1   1    3    .    .   -0.69604   0.93018   .   .      1         2         .         .         1   
178   167496503  0.4  0.6  0.1   1    3    .    .   -0.69604   0.93018   .   .      1         2         .         .         1   
179   796374574  0.4  0.6  0.1   2    2    .    .   -0.03231  -0.09132   .   .      2         2         .         .         1   
180   796374574  0.4  0.6  0.1   2    2    .    .   -0.03231  -0.09132   .   .      2         2         .         .         1   

 
Obs  pink_dam   pink_da1   pink_da0   blue_laf   blue_lam   blue_la1   blue_la0   pink_laf   pink_lam   pink_la1   pink_la0   pedid

166      1          .          .          2          3          .          .          3          3          .          .        83 
167      1          .          .          4          3          .          .          2          5          .          .        84 
168      1          .          .          4          3          .          .          2          5          .          .        84 
169      1          .          .          6          6          .          .          3          3          .          .        85 
170      1          .          .          6          6          .          .          3          3          .          .        85 
171      1          .          .          1          2          .          .          1          2          .          .        86 
172      1          .          .          1          2          .          .          1          2          .          .        86 
173      1          .          .          2          5          .          .          1          3          .          .        87 
174      1          .          .          2          5          .          .          1          3          .          .        87 
175      1          .          .          5          5          .          .          3          2          .          .        88 
176      1          .          .          5          5          .          .          3          2          .          .        88 
177      2          .          .          5          6          .          .          1          1          .          .        89 
178      2          .          .          5          6          .          .          1          1          .          .        89 
179      1          .          .          1          2          .          .          6          4          .          .        90 
180      1          .          .          1          2          .          .          6          4          .          .        90 

           blue_            pink_
Obs  xr1  recomb  x1  xr2  recomb  x2      x     cdgf  cdgm  cdg1  cdg0  clgf  clgm  clg1  clg0  i  dgeno  lgeno     QTp    QLp

166   .      .     .   .      .     .  -0.31800  1/2   1/2               2/3   3/3               2   1/2    3/3   -0.03180   0 
167   .      .     .   .      .     .  -0.58124  1/1                     2/4                     1   1/1    2/4   -0.46749   0 
168   .      .     .   .      .     .  -0.58124  1/1   1/1               2/4   3/5               2   1/1    3/5   -0.65812   0 
169   .      .     .   .      .     .   1.21238  1/2                     3/6                     1   1/2    3/6   -0.02727   0 
170   .      .     .   .      .     .   1.21238  1/2   1/2               3/6   3/6               2   1/2    3/6    0.12124   0 
171   .      .     .   .      .     .   0.00856  2/2                     1/1                     1   2/2    1/1    0.78536   1 
172   .      .     .   .      .     .   0.00856  2/2   1/2               1/1   2/2               2   1/2    2/2    0.00086   0 
173   .      .     .   .      .     .   0.49775  1/2                     1/2                     1   1/2    1/2   -0.02153   0 
174   .      .     .   .      .     .   0.49775  1/2   1/1               1/2   3/5               2   1/1    3/5   -0.55022   0 
175   .      .     .   .      .     .  -1.18484  1/2                     3/5                     1   1/2    3/5    0.08662   0 
176   .      .     .   .      .     .  -1.18484  1/2   1/2               3/5   2/5               2   1/2    2/5   -0.11848   0 
177   .      .     .   .      .     .   1.30177  1/1                     1/5                     1   1/1    1/5   -0.69604   0 
178   .      .     .   .      .     .   1.30177  1/1   2/2               1/5   1/6               2   2/2    1/6    0.93018   1 
179   .      .     .   .      .     .  -0.91323  1/2                     1/6                     1   1/2    1/6   -0.03231   0 
180   .      .     .   .      .     .  -0.91323  1/2   1/2               1/6   2/4               2   1/2    2/4   -0.09132   0 
                                                    MLE Parametric Linkage Data                 10:29 Tuesday, February 14, 2017  14
                   theta=0.1 mudaa=-0.6 mudab=0.0 mudbb=0.8 dq=0.4 de=0.1 lalleles=6 nfams=100 mkids=0 seed=12345
                                                              individs

 
Obs     seed      dq   dp   de  dgf  dgm  dg1  dg0     pf        pm     p1  p0  blue_daf  blue_dam  blue_da1  blue_da0  pink_daf

181   786017511  0.4  0.6  0.1   3    2    .    .    0.65419  -0.06574   .   .      2         2         .         .         2   
182   786017511  0.4  0.6  0.1   3    2    .    .    0.65419  -0.06574   .   .      2         2         .         .         2   
183   797405417  0.4  0.6  0.1   3    1    .    .    0.92135  -0.67415   .   .      2         1         .         .         2   
184   797405417  0.4  0.6  0.1   3    1    .    .    0.92135  -0.67415   .   .      2         1         .         .         2   
185  1344283049  0.4  0.6  0.1   2    3    .    .   -0.00477   0.70841   .   .      1         2         .         .         2   
186  1344283049  0.4  0.6  0.1   2    3    .    .   -0.00477   0.70841   .   .      1         2         .         .         2   
187  1893097655  0.4  0.6  0.1   1    1    .    .   -0.46064  -0.45897   .   .      1         1         .         .         1   
188  1893097655  0.4  0.6  0.1   1    1    .    .   -0.46064  -0.45897   .   .      1         1         .         .         1   
189  1538792005  0.4  0.6  0.1   2    2    .    .    0.00117  -0.01903   .   .      1         1         .         .         2   
190  1538792005  0.4  0.6  0.1   2    2    .    .    0.00117  -0.01903   .   .      1         1         .         .         2   
191   196815700  0.4  0.6  0.1   3    1    .    .    0.71074  -0.57417   .   .      2         1         .         .         2   
192   196815700  0.4  0.6  0.1   3    1    .    .    0.71074  -0.57417   .   .      2         1         .         .         2   
193   842420479  0.4  0.6  0.1   3    2    .    .    0.90340  -0.01028   .   .      2         1         .         .         2   
194   842420479  0.4  0.6  0.1   3    2    .    .    0.90340  -0.01028   .   .      2         1         .         .         2   
195  1352655077  0.4  0.6  0.1   2    2    .    .   -0.01635  -0.06016   .   .      2         1         .         .         1   

 
Obs  pink_dam   pink_da1   pink_da0   blue_laf   blue_lam   blue_la1   blue_la0   pink_laf   pink_lam   pink_la1   pink_la0   pedid

181      1          .          .          3          3          .          .          5          2          .          .        91 
182      1          .          .          3          3          .          .          5          2          .          .        91 
183      1          .          .          6          4          .          .          4          2          .          .        92 
184      1          .          .          6          4          .          .          4          2          .          .        92 
185      2          .          .          4          2          .          .          6          6          .          .        93 
186      2          .          .          4          2          .          .          6          6          .          .        93 
187      1          .          .          2          3          .          .          6          6          .          .        94 
188      1          .          .          2          3          .          .          6          6          .          .        94 
189      2          .          .          2          2          .          .          2          5          .          .        95 
190      2          .          .          2          2          .          .          2          5          .          .        95 
191      1          .          .          4          3          .          .          4          3          .          .        96 
192      1          .          .          4          3          .          .          4          3          .          .        96 
193      2          .          .          5          1          .          .          6          3          .          .        97 
194      2          .          .          5          1          .          .          6          3          .          .        97 
195      2          .          .          3          3          .          .          1          2          .          .        98 

           blue_            pink_
Obs  xr1  recomb  x1  xr2  recomb  x2      x     cdgf  cdgm  cdg1  cdg0  clgf  clgm  clg1  clg0  i  dgeno  lgeno     QTp    QLp

181   .      .     .   .      .     .  -0.65738  2/2                     3/5                     1   2/2    3/5    0.65419   1 
182   .      .     .   .      .     .  -0.65738  2/2   1/2               3/5   2/3               2   1/2    2/3   -0.06574   0 
183   .      .     .   .      .     .  -0.74146  2/2                     4/6                     1   2/2    4/6    0.92135   1 
184   .      .     .   .      .     .  -0.74146  2/2   1/1               4/6   2/4               2   1/1    2/4   -0.67415   0 
185   .      .     .   .      .     .  -0.91588  1/2                     4/6                     1   1/2    4/6   -0.00477   0 
186   .      .     .   .      .     .  -0.91588  1/2   2/2               4/6   2/6               2   2/2    2/6    0.70841   1 
187   .      .     .   .      .     .   1.41033  1/1                     2/6                     1   1/1    2/6   -0.46064   0 
188   .      .     .   .      .     .   1.41033  1/1   1/1               2/6   3/6               2   1/1    3/6   -0.45897   0 
189   .      .     .   .      .     .  -0.19034  1/2                     2/2                     1   1/2    2/2    0.00117   0 
190   .      .     .   .      .     .  -0.19034  1/2   1/2               2/2   2/5               2   1/2    2/5   -0.01903   0 
191   .      .     .   .      .     .   0.25828  2/2                     4/4                     1   2/2    4/4    0.71074   1 
192   .      .     .   .      .     .   0.25828  2/2   1/1               4/4   3/3               2   1/1    3/3   -0.57417   0 
193   .      .     .   .      .     .  -0.10283  2/2                     5/6                     1   2/2    5/6    0.90340   1 
194   .      .     .   .      .     .  -0.10283  2/2   1/2               5/6   1/3               2   1/2    1/3   -0.01028   0 
195   .      .     .   .      .     .  -0.60164  1/2                     1/3                     1   1/2    1/3   -0.01635   0 
                                                    MLE Parametric Linkage Data                 10:29 Tuesday, February 14, 2017  15
                   theta=0.1 mudaa=-0.6 mudab=0.0 mudbb=0.8 dq=0.4 de=0.1 lalleles=6 nfams=100 mkids=0 seed=12345
                                                              individs

 
Obs     seed      dq   dp   de  dgf  dgm  dg1  dg0     pf        pm     p1  p0  blue_daf  blue_dam  blue_da1  blue_da0  pink_daf

196  1352655077  0.4  0.6  0.1   2    2    .    .   -0.01635  -0.06016   .   .      2         1         .         .         1   
197  1193260466  0.4  0.6  0.1   1    1    .    .   -0.57974  -0.77601   .   .      1         1         .         .         1   
198  1193260466  0.4  0.6  0.1   1    1    .    .   -0.57974  -0.77601   .   .      1         1         .         .         1   
199  1227801794  0.4  0.6  0.1   2    2    .    .    0.10736  -0.13393   .   .      1         1         .         .         2   
200  1227801794  0.4  0.6  0.1   2    2    .    .    0.10736  -0.13393   .   .      1         1         .         .         2   

 
Obs  pink_dam   pink_da1   pink_da0   blue_laf   blue_lam   blue_la1   blue_la0   pink_laf   pink_lam   pink_la1   pink_la0   pedid

196      2          .          .          3          3          .          .          1          2          .          .        98 
197      1          .          .          4          3          .          .          4          6          .          .        99 
198      1          .          .          4          3          .          .          4          6          .          .        99 
199      2          .          .          5          6          .          .          3          3          .          .       100 
200      2          .          .          5          6          .          .          3          3          .          .       100 

           blue_            pink_
Obs  xr1  recomb  x1  xr2  recomb  x2      x     cdgf  cdgm  cdg1  cdg0  clgf  clgm  clg1  clg0  i  dgeno  lgeno     QTp    QLp

196   .      .     .   .      .     .  -0.60164  1/2   1/2               1/3   2/3               2   1/2    2/3   -0.06016   0 
197   .      .     .   .      .     .  -1.76007  1/1                     4/4                     1   1/1    4/4   -0.57974   0 
198   .      .     .   .      .     .  -1.76007  1/1   1/1               4/4   3/6               2   1/1    3/6   -0.77601   0 
199   .      .     .   .      .     .  -1.33935  1/2                     3/5                     1   1/2    3/5    0.10736   0 
200   .      .     .   .      .     .  -1.33935  1/2   1/2               3/5   3/6               2   1/2    3/6   -0.13393   0 
